2016-08-21 10:15:36,914 [12] INFO EasyShopkeeping.UserInfoDAO - Exception Ocured
2016-08-21 10:15:36,968 [12] INFO EasyShopkeeping.UserInfoDAO - System.Configuration.ConfigurationErrorsException: Configuration system failed to initialize ---> System.Configuration.ConfigurationErrorsException: Only one <configSections> element allowed per config file and if present must be the first child of the root <configuration> element. (F:\Rahat Data 2015-16\EasyShopkeeping\EasyShopkeeping\bin\Debug\EasyShopkeeping.vshost.exe.Config line 10)
   at System.Configuration.ConfigurationSchemaErrors.ThrowIfErrors(Boolean ignoreLocal)
   at System.Configuration.BaseConfigurationRecord.ThrowIfParseErrors(ConfigurationSchemaErrors schemaErrors)
   at System.Configuration.ClientConfigurationSystem.EnsureInit(String configKey)
   --- End of inner exception stack trace ---
   at System.Configuration.ConfigurationManager.PrepareConfigSystem()
   at System.Configuration.ConfigurationManager.get_ConnectionStrings()
   at EasyShopkeeping.DataBaseConnection.getMySqlConnectionStrings() in f:\Rahat Data 2015-16\EasyShopkeeping\EasyShopkeeping\Database\DBConnection\DataBaseConnection.cs:line 20
   at EasyShopkeeping.DataBaseConnection.getMySqlDBConnection() in f:\Rahat Data 2015-16\EasyShopkeeping\EasyShopkeeping\Database\DBConnection\DataBaseConnection.cs:line 26
   at EasyShopkeeping.UserInfoDAO.getConnection() in f:\Rahat Data 2015-16\EasyShopkeeping\EasyShopkeeping\Database\DAO\UserInfoDAO.cs:line 28
   at EasyShopkeeping.UserInfoDAO.validateUser(String username, String password) in f:\Rahat Data 2015-16\EasyShopkeeping\EasyShopkeeping\Database\DAO\UserInfoDAO.cs:line 51
2016-08-21 10:28:16,785 [10] INFO EasyShopkeeping.UserInfoDAO - Exception Ocured
2016-08-21 10:28:16,842 [10] INFO EasyShopkeeping.UserInfoDAO - System.Configuration.ConfigurationErrorsException: Configuration system failed to initialize ---> System.Configuration.ConfigurationErrorsException: Only one <configSections> element allowed per config file and if present must be the first child of the root <configuration> element. (F:\Rahat Data 2015-16\EasyShopkeeping\EasyShopkeeping\bin\Debug\EasyShopkeeping.vshost.exe.Config line 10)
   at System.Configuration.ConfigurationSchemaErrors.ThrowIfErrors(Boolean ignoreLocal)
   at System.Configuration.BaseConfigurationRecord.ThrowIfInitErrors()
   at System.Configuration.ClientConfigurationSystem.EnsureInit(String configKey)
   --- End of inner exception stack trace ---
   at System.Configuration.ConfigurationManager.GetSection(String sectionName)
   at System.Configuration.ConfigurationManager.get_ConnectionStrings()
   at EasyShopkeeping.DataBaseConnection.getMySqlConnectionStrings() in f:\Rahat Data 2015-16\EasyShopkeeping\EasyShopkeeping\Database\DBConnection\DataBaseConnection.cs:line 20
   at EasyShopkeeping.DataBaseConnection.getMySqlDBConnection() in f:\Rahat Data 2015-16\EasyShopkeeping\EasyShopkeeping\Database\DBConnection\DataBaseConnection.cs:line 26
   at EasyShopkeeping.UserInfoDAO.getConnection() in f:\Rahat Data 2015-16\EasyShopkeeping\EasyShopkeeping\Database\DAO\UserInfoDAO.cs:line 28
   at EasyShopkeeping.UserInfoDAO.validateUser(String username, String password) in f:\Rahat Data 2015-16\EasyShopkeeping\EasyShopkeeping\Database\DAO\UserInfoDAO.cs:line 51
2016-08-21 10:30:55,525 [9] INFO EasyShopkeeping.UserInfoDAO - Exception Ocured
2016-08-21 10:30:55,560 [9] INFO EasyShopkeeping.UserInfoDAO - System.Configuration.ConfigurationErrorsException: Configuration system failed to initialize ---> System.Configuration.ConfigurationErrorsException: Only one <configSections> element allowed per config file and if present must be the first child of the root <configuration> element. (F:\Rahat Data 2015-16\EasyShopkeeping\EasyShopkeeping\bin\Debug\EasyShopkeeping.vshost.exe.Config line 9)
   at System.Configuration.ConfigurationSchemaErrors.ThrowIfErrors(Boolean ignoreLocal)
   at System.Configuration.BaseConfigurationRecord.ThrowIfInitErrors()
   at System.Configuration.ClientConfigurationSystem.EnsureInit(String configKey)
   --- End of inner exception stack trace ---
   at System.Configuration.ConfigurationManager.GetSection(String sectionName)
   at System.Configuration.ConfigurationManager.get_ConnectionStrings()
   at EasyShopkeeping.DataBaseConnection.getMySqlConnectionStrings() in f:\Rahat Data 2015-16\EasyShopkeeping\EasyShopkeeping\Database\DBConnection\DataBaseConnection.cs:line 20
   at EasyShopkeeping.DataBaseConnection.getMySqlDBConnection() in f:\Rahat Data 2015-16\EasyShopkeeping\EasyShopkeeping\Database\DBConnection\DataBaseConnection.cs:line 26
   at EasyShopkeeping.UserInfoDAO.getConnection() in f:\Rahat Data 2015-16\EasyShopkeeping\EasyShopkeeping\Database\DAO\UserInfoDAO.cs:line 28
   at EasyShopkeeping.UserInfoDAO.validateUser(String username, String password) in f:\Rahat Data 2015-16\EasyShopkeeping\EasyShopkeeping\Database\DAO\UserInfoDAO.cs:line 51
2016-08-21 10:32:39,586 [9] INFO EasyShopkeeping.UserInfoDAO - Exception Ocured
2016-08-21 10:32:39,620 [9] INFO EasyShopkeeping.UserInfoDAO - System.Configuration.ConfigurationErrorsException: Configuration system failed to initialize ---> System.Configuration.ConfigurationErrorsException: Only one <configSections> element allowed per config file and if present must be the first child of the root <configuration> element. (F:\Rahat Data 2015-16\EasyShopkeeping\EasyShopkeeping\bin\Debug\EasyShopkeeping.vshost.exe.Config line 9)
   at System.Configuration.ConfigurationSchemaErrors.ThrowIfErrors(Boolean ignoreLocal)
   at System.Configuration.BaseConfigurationRecord.ThrowIfInitErrors()
   at System.Configuration.ClientConfigurationSystem.EnsureInit(String configKey)
   --- End of inner exception stack trace ---
   at System.Configuration.ConfigurationManager.GetSection(String sectionName)
   at System.Configuration.ConfigurationManager.get_ConnectionStrings()
   at EasyShopkeeping.DataBaseConnection.getMySqlConnectionStrings() in f:\Rahat Data 2015-16\EasyShopkeeping\EasyShopkeeping\Database\DBConnection\DataBaseConnection.cs:line 20
   at EasyShopkeeping.DataBaseConnection.getMySqlDBConnection() in f:\Rahat Data 2015-16\EasyShopkeeping\EasyShopkeeping\Database\DBConnection\DataBaseConnection.cs:line 26
   at EasyShopkeeping.UserInfoDAO.getConnection() in f:\Rahat Data 2015-16\EasyShopkeeping\EasyShopkeeping\Database\DAO\UserInfoDAO.cs:line 28
   at EasyShopkeeping.UserInfoDAO.validateUser(String username, String password) in f:\Rahat Data 2015-16\EasyShopkeeping\EasyShopkeeping\Database\DAO\UserInfoDAO.cs:line 51
2016-08-21 10:35:33,358 [9] INFO EasyShopkeeping.UserInfoDAO - Exception Ocured
2016-08-21 10:35:33,358 [9] INFO EasyShopkeeping.UserInfoDAO - System.Configuration.ConfigurationErrorsException: Configuration system failed to initialize ---> System.Configuration.ConfigurationErrorsException: Only one <configSections> element allowed per config file and if present must be the first child of the root <configuration> element. (F:\Rahat Data 2015-16\EasyShopkeeping\EasyShopkeeping\bin\Debug\EasyShopkeeping.vshost.exe.Config line 9)
   at System.Configuration.ConfigurationSchemaErrors.ThrowIfErrors(Boolean ignoreLocal)
   at System.Configuration.BaseConfigurationRecord.ThrowIfInitErrors()
   at System.Configuration.ClientConfigurationSystem.EnsureInit(String configKey)
   --- End of inner exception stack trace ---
   at System.Configuration.ConfigurationManager.GetSection(String sectionName)
   at System.Configuration.ConfigurationManager.get_ConnectionStrings()
   at EasyShopkeeping.DataBaseConnection.getMySqlConnectionStrings() in f:\Rahat Data 2015-16\EasyShopkeeping\EasyShopkeeping\Database\DBConnection\DataBaseConnection.cs:line 20
   at EasyShopkeeping.DataBaseConnection.getMySqlDBConnection() in f:\Rahat Data 2015-16\EasyShopkeeping\EasyShopkeeping\Database\DBConnection\DataBaseConnection.cs:line 26
   at EasyShopkeeping.UserInfoDAO.getConnection() in f:\Rahat Data 2015-16\EasyShopkeeping\EasyShopkeeping\Database\DAO\UserInfoDAO.cs:line 28
   at EasyShopkeeping.UserInfoDAO.validateUser(String username, String password) in f:\Rahat Data 2015-16\EasyShopkeeping\EasyShopkeeping\Database\DAO\UserInfoDAO.cs:line 51
2016-08-21 10:36:11,290 [9] INFO EasyShopkeeping.UserInfoDAO - Connection Closed
